[debug] [2024-05-07T09:16:19.195Z] ----------------------------------------------------------------------
[debug] [2024-05-07T09:16:19.196Z] Command:       C:\Program Files\nodejs\node.exe C:\Users\HP\AppData\Roaming\npm\node_modules\firebase-tools\lib\bin\firebase.js init
[debug] [2024-05-07T09:16:19.197Z] CLI Version:   13.5.2
[debug] [2024-05-07T09:16:19.197Z] Platform:      win32
[debug] [2024-05-07T09:16:19.197Z] Node Version:  v18.16.0
[debug] [2024-05-07T09:16:19.198Z] Time:          Tue May 07 2024 15:16:19 GMT+0600 (Bangladesh Standard Time)
[debug] [2024-05-07T09:16:19.198Z] ----------------------------------------------------------------------
[debug] 
[debug] [2024-05-07T09:16:19.203Z] > command requires scopes: ["email","openid","https://www.googleapis.com/auth/cloudplatformprojects.readonly","https://www.googleapis.com/auth/firebase","https://www.googleapis.com/auth/cloud-platform"]
[debug] [2024-05-07T09:16:19.203Z] > authorizing via signed-in user (mdtasinanwar000@gmail.com)
[info] 
     ######## #### ########  ######## ########     ###     ######  ########
     ##        ##  ##     ## ##       ##     ##  ##   ##  ##       ##
     ######    ##  ########  ######   ########  #########  ######  ######
     ##        ##  ##    ##  ##       ##     ## ##     ##       ## ##
     ##       #### ##     ## ######## ########  ##     ##  ######  ########

You're about to initialize a Firebase project in this directory:

  E:\web\projects\independent-service-provider

[info] 
=== Account Setup
[info] 
[info] Which account do you want to use for this project? Choose an account or add a new one now
[info] 
[debug] [2024-05-07T09:16:29.759Z] setProjectAccount(E:\web\projects\independent-service-provider, mdtasinanwar01@gmail.com)
[info] 
[info] +  Using account: mdtasinanwar01@gmail.com 
[info] 
=== Project Setup
[info] 
[info] First, let's associate this project directory with a Firebase project.
[info] You can create multiple project aliases by running firebase use --add, 
[info] but for now we'll just set up a default project.
[info] 
[debug] [2024-05-07T09:16:31.322Z] > refreshing access token with scopes: []
[debug] [2024-05-07T09:16:31.324Z] >>> [apiv2][query] POST https://www.googleapis.com/oauth2/v3/token [none]
[debug] [2024-05-07T09:16:31.324Z] >>> [apiv2][body] POST https://www.googleapis.com/oauth2/v3/token [omitted]
[debug] [2024-05-07T09:16:31.636Z] <<< [apiv2][status] POST https://www.googleapis.com/oauth2/v3/token 200
[debug] [2024-05-07T09:16:31.636Z] <<< [apiv2][body] POST https://www.googleapis.com/oauth2/v3/token [omitted]
[debug] [2024-05-07T09:16:31.648Z] >>> [apiv2][query] GET https://firebase.googleapis.com/v1beta1/projects pageSize=100
[debug] [2024-05-07T09:16:32.367Z] <<< [apiv2][status] GET https://firebase.googleapis.com/v1beta1/projects 200
[debug] [2024-05-07T09:16:32.368Z] <<< [apiv2][body] GET https://firebase.googleapis.com/v1beta1/projects [omitted]
[info] i  Using project equity-dental-clinic (equity dental clinic) 
[info] 
=== Hosting Setup
[debug] [2024-05-07T09:16:38.739Z] >>> [apiv2][query] GET https://firebase.googleapis.com/v1beta1/projects/equity-dental-clinic [none]
[debug] [2024-05-07T09:16:39.267Z] <<< [apiv2][status] GET https://firebase.googleapis.com/v1beta1/projects/equity-dental-clinic 200
[debug] [2024-05-07T09:16:39.268Z] <<< [apiv2][body] GET https://firebase.googleapis.com/v1beta1/projects/equity-dental-clinic {"projectId":"equity-dental-clinic","projectNumber":"754786624724","displayName":"equity dental clinic","name":"projects/equity-dental-clinic","resources":{"hostingSite":"equity-dental-clinic"},"state":"ACTIVE","etag":"1_a6107f5a-0a8c-49d2-a387-4a58d35273ca"}
[info] 
[info] Your public directory is the folder (relative to your project directory) that
[info] will contain Hosting assets to be uploaded with firebase deploy. If you
[info] have a build process for your assets, use your build's output directory.
[info] 
